<?xml version="1.0" encoding="UTF-8"?>
<!-- Generated by org.testng.reporters.JUnitReportReporter -->
<testsuite hostname="LAPTOP-HEPN219V" failures="0" tests="9" name="TATA_CLIQ.Tatacliq" time="203.260" errors="0" timestamp="29 Nov 2022 11:53:46 GMT">
  <testcase classname="TATA_CLIQ.Tatacliq" name="TC7" time="62.924"/>
  <testcase classname="TATA_CLIQ.Tatacliq" name="TC1" time="12.286"/>
  <testcase classname="TATA_CLIQ.Tatacliq" name="TC2" time="28.031"/>
  <testcase classname="TATA_CLIQ.Tatacliq" name="TC3" time="8.488"/>
  <testcase classname="TATA_CLIQ.Tatacliq" name="TC4" time="10.097"/>
  <testcase classname="TATA_CLIQ.Tatacliq" name="TC6" time="15.386"/>
  <testcase classname="TATA_CLIQ.Tatacliq" name="TC8" time="28.669"/>
  <testcase classname="TATA_CLIQ.Tatacliq" name="TC9" time="28.314"/>
  <testcase classname="TATA_CLIQ.Tatacliq" name="TC5" time="9.065"/>
</testsuite> <!-- TATA_CLIQ.Tatacliq -->
