<?xml version="1.0" encoding="UTF-8"?>
<!-- Generated by org.testng.reporters.JUnitReportReporter -->
<testsuite hostname="LAPTOP-HEPN219V" failures="0" tests="9" name="TATA_CLIQ.Tatacliq" time="213.602" errors="0" timestamp="29 Nov 2022 12:43:24 GMT">
  <testcase classname="TATA_CLIQ.Tatacliq" name="TC9" time="28.240"/>
  <testcase classname="TATA_CLIQ.Tatacliq" name="TC6" time="22.655"/>
  <testcase classname="TATA_CLIQ.Tatacliq" name="TC8" time="28.395"/>
  <testcase classname="TATA_CLIQ.Tatacliq" name="TC5" time="16.301"/>
  <testcase classname="TATA_CLIQ.Tatacliq" name="TC7" time="61.695"/>
  <testcase classname="TATA_CLIQ.Tatacliq" name="TC4" time="9.642"/>
  <testcase classname="TATA_CLIQ.Tatacliq" name="TC1" time="25.829"/>
  <testcase classname="TATA_CLIQ.Tatacliq" name="TC2" time="10.623"/>
  <testcase classname="TATA_CLIQ.Tatacliq" name="TC3" time="10.222"/>
</testsuite> <!-- TATA_CLIQ.Tatacliq -->
