<?xml version="1.0" encoding="UTF-8"?>
<!-- Generated by org.testng.reporters.JUnitReportReporter -->
<testsuite hostname="LAPTOP-HEPN219V" failures="0" tests="1" name="Runner_Test.Run_test$run_test" time="19.021" errors="0" timestamp="28 Nov 2022 15:41:10 GMT">
  <testcase classname="Runner_Test.Run_test$run_test" name="runScenario" time="19.021"/>
</testsuite> <!-- Runner_Test.Run_test$run_test -->
